TN:
SF:/Users/cliffano/dev/workspace/bagofcli/lib/bagofcli.js
FN:25,command
FN:34,(anonymous_2)
FN:44,(anonymous_3)
FN:49,(anonymous_4)
FN:54,(anonymous_5)
FN:73,_preCommand
FN:74,(anonymous_7)
FN:77,(anonymous_8)
FN:81,(anonymous_9)
FN:91,(anonymous_10)
FN:94,(anonymous_11)
FN:108,_postCommand
FN:110,_validate
FN:111,(anonymous_14)
FN:150,(anonymous_15)
FN:165,(anonymous_16)
FN:176,(anonymous_17)
FN:197,exec
FN:199,(anonymous_19)
FN:209,(anonymous_20)
FN:213,(anonymous_21)
FN:227,exit
FN:244,exitCb
FN:247,(anonymous_24)
FN:253,(anonymous_25)
FN:258,(anonymous_26)
FN:278,files
FN:282,addMatch
FN:288,(anonymous_29)
FN:296,(anonymous_30)
FN:321,lookupFile
FN:327,(anonymous_32)
FN:356,spawn
FN:360,(anonymous_34)
FN:364,(anonymous_35)
FN:368,(anonymous_36)
FNF:36
FNH:36
FNDA:3,command
FNDA:3,(anonymous_2)
FNDA:1,(anonymous_3)
FNDA:6,(anonymous_4)
FNDA:3,(anonymous_5)
FNDA:6,_preCommand
FNDA:3,(anonymous_7)
FNDA:8,(anonymous_8)
FNDA:3,(anonymous_9)
FNDA:4,(anonymous_10)
FNDA:3,(anonymous_11)
FNDA:22,_postCommand
FNDA:9,_validate
FNDA:9,(anonymous_14)
FNDA:8,(anonymous_15)
FNDA:3,(anonymous_16)
FNDA:3,(anonymous_17)
FNDA:2,exec
FNDA:2,(anonymous_19)
FNDA:1,(anonymous_20)
FNDA:1,(anonymous_21)
FNDA:14,exit
FNDA:6,exitCb
FNDA:2,(anonymous_24)
FNDA:1,(anonymous_25)
FNDA:6,(anonymous_26)
FNDA:6,files
FNDA:9,addMatch
FNDA:9,(anonymous_29)
FNDA:6,(anonymous_30)
FNDA:6,lookupFile
FNDA:12,(anonymous_32)
FNDA:3,spawn
FNDA:1,(anonymous_34)
FNDA:1,(anonymous_35)
FNDA:2,(anonymous_36)
DA:1,1
DA:25,1
DA:27,3
DA:28,3
DA:30,3
DA:33,3
DA:34,1
DA:35,3
DA:36,2
DA:41,3
DA:43,3
DA:44,1
DA:45,1
DA:49,3
DA:50,6
DA:54,6
DA:55,3
DA:58,6
DA:61,3
DA:63,3
DA:68,3
DA:73,1
DA:74,6
DA:76,3
DA:78,8
DA:80,3
DA:81,2
DA:82,3
DA:85,3
DA:87,3
DA:89,1
DA:91,1
DA:92,4
DA:93,2
DA:94,2
DA:95,3
DA:108,1
DA:110,1
DA:111,9
DA:112,9
DA:113,8
DA:114,8
DA:115,5
DA:118,1
DA:123,22
DA:124,4
DA:126,18
DA:131,2
DA:132,1
DA:136,16
DA:142,16
DA:143,1
DA:145,15
DA:146,8
DA:149,8
DA:150,3
DA:151,8
DA:155,5
DA:156,6
DA:157,5
DA:164,16
DA:165,3
DA:166,3
DA:167,2
DA:169,2
DA:175,16
DA:176,3
DA:177,3
DA:178,2
DA:180,2
DA:197,1
DA:199,2
DA:200,2
DA:201,2
DA:203,1
DA:204,1
DA:206,2
DA:209,2
DA:210,1
DA:213,2
DA:214,1
DA:227,1
DA:228,14
DA:229,13
DA:230,13
DA:232,1
DA:244,1
DA:246,6
DA:247,4
DA:248,2
DA:252,6
DA:253,5
DA:254,1
DA:258,6
DA:259,6
DA:260,4
DA:261,4
DA:263,2
DA:264,2
DA:278,1
DA:279,6
DA:280,6
DA:282,1
DA:283,9
DA:284,6
DA:288,6
DA:289,9
DA:291,9
DA:292,4
DA:294,5
DA:295,4
DA:296,4
DA:297,6
DA:298,6
DA:299,5
DA:304,6
DA:321,1
DA:322,6
DA:323,6
DA:328,12
DA:331,6
DA:332,10
DA:333,10
DA:334,4
DA:339,6
DA:340,4
DA:342,2
DA:356,1
DA:358,3
DA:360,3
DA:361,1
DA:364,3
DA:365,1
DA:368,3
DA:369,2
DA:373,1
DA:374,1
DA:375,1
DA:376,1
DA:377,1
DA:378,1
DA:379,1
DA:380,1
DA:381,1
LF:144
LH:144
BRDA:27,1,0,3
BRDA:27,1,1,2
BRDA:28,2,0,3
BRDA:28,2,1,2
BRDA:30,3,0,3
BRDA:30,3,1,2
BRDA:33,4,0,1
BRDA:33,4,1,2
BRDA:33,5,0,3
BRDA:33,5,1,1
BRDA:35,6,0,2
BRDA:35,6,1,1
BRDA:43,7,0,1
BRDA:43,7,1,2
BRDA:80,8,0,2
BRDA:80,8,1,1
BRDA:87,9,0,1
BRDA:87,9,1,2
BRDA:92,10,0,2
BRDA:92,10,1,2
BRDA:112,11,0,8
BRDA:112,11,1,1
BRDA:114,12,0,5
BRDA:114,12,1,3
BRDA:114,13,0,8
BRDA:114,13,1,8
BRDA:123,14,0,4
BRDA:123,14,1,18
BRDA:126,15,0,2
BRDA:126,15,1,16
BRDA:131,16,0,1
BRDA:131,16,1,1
BRDA:138,17,0,15
BRDA:138,17,1,1
BRDA:139,18,0,15
BRDA:139,18,1,1
BRDA:142,19,0,1
BRDA:142,19,1,15
BRDA:145,20,0,8
BRDA:145,20,1,7
BRDA:145,21,0,15
BRDA:145,21,1,8
BRDA:149,22,0,3
BRDA:149,22,1,5
BRDA:151,23,0,3
BRDA:151,23,1,5
BRDA:156,24,0,5
BRDA:156,24,1,1
BRDA:164,25,0,3
BRDA:164,25,1,13
BRDA:166,26,0,2
BRDA:166,26,1,1
BRDA:175,27,0,3
BRDA:175,27,1,13
BRDA:177,28,0,2
BRDA:177,28,1,1
BRDA:201,29,0,1
BRDA:201,29,1,1
BRDA:201,30,0,2
BRDA:201,30,1,2
BRDA:228,31,0,13
BRDA:228,31,1,1
BRDA:229,32,0,13
BRDA:229,32,1,2
BRDA:246,33,0,4
BRDA:246,33,1,2
BRDA:248,34,0,2
BRDA:248,34,1,1
BRDA:252,35,0,5
BRDA:252,35,1,1
BRDA:259,36,0,4
BRDA:259,36,1,2
BRDA:279,37,0,6
BRDA:279,37,1,4
BRDA:283,38,0,6
BRDA:283,38,1,3
BRDA:283,39,0,9
BRDA:283,39,1,5
BRDA:283,39,2,5
BRDA:291,40,0,4
BRDA:291,40,1,5
BRDA:294,41,0,4
BRDA:294,41,1,1
BRDA:298,42,0,5
BRDA:298,42,1,1
BRDA:322,43,0,6
BRDA:322,43,1,2
BRDA:324,44,0,6
BRDA:324,44,1,2
BRDA:325,45,0,2
BRDA:325,45,1,4
BRDA:326,46,0,1
BRDA:326,46,1,5
BRDA:328,47,0,4
BRDA:328,47,1,8
BRDA:339,48,0,4
BRDA:339,48,1,2
BRDA:369,49,0,1
BRDA:369,49,1,1
BRF:99
BRH:99
end_of_record
